[17:47:04] [main/INFO] [GradleStart]: No arguments specified, assuming client.
[17:47:04] [main/INFO] [GradleStart]: Extra: []
[17:47:04] [main/INFO] [GradleStart]: Running with arguments: [--userProperties, {}, --assetsDir, C:/Users/Jonas/.gradle/caches/minecraft/assets, --assetIndex, {ASSET_INDEX}, --accessToken, FML, --version, 1.7.10, --tweakClass, cpw.mods.fml.common.launcher.FMLTweaker, --username, ForgeDevName]
[17:47:04] [main/INFO] [LaunchWrapper]: Loading tweak class name cpw.mods.fml.common.launcher.FMLTweaker
[17:47:04] [main/INFO] [LaunchWrapper]: Using primary tweak class name cpw.mods.fml.common.launcher.FMLTweaker
[17:47:04] [main/INFO] [LaunchWrapper]: Calling tweak class cpw.mods.fml.common.launcher.FMLTweaker
[17:48:58] [main/INFO] [GradleStart]: No arguments specified, assuming client.
[17:48:58] [main/INFO] [GradleStart]: Extra: []
[17:48:58] [main/INFO] [GradleStart]: Running with arguments: [--userProperties, {}, --assetsDir, C:/Users/Jonas/.gradle/caches/minecraft/assets, --assetIndex, {ASSET_INDEX}, --accessToken, FML, --version, 1.7.10, --tweakClass, cpw.mods.fml.common.launcher.FMLTweaker, --username, ForgeDevName]
[17:48:58] [main/INFO] [LaunchWrapper]: Loading tweak class name cpw.mods.fml.common.launcher.FMLTweaker
[17:48:58] [main/INFO] [LaunchWrapper]: Using primary tweak class name cpw.mods.fml.common.launcher.FMLTweaker
[17:48:58] [main/INFO] [LaunchWrapper]: Calling tweak class cpw.mods.fml.common.launcher.FMLTweaker
[17:50:09] [main/INFO] [GradleStart]: No arguments specified, assuming client.
[17:50:09] [main/INFO] [GradleStart]: Extra: []
[17:50:09] [main/INFO] [GradleStart]: Running with arguments: [--userProperties, {}, --assetsDir, C:/Users/Jonas/.gradle/caches/minecraft/assets, --assetIndex, {ASSET_INDEX}, --accessToken, FML, --version, 1.7.10, --tweakClass, cpw.mods.fml.common.launcher.FMLTweaker, --username, ForgeDevName]
[17:50:09] [main/INFO] [LaunchWrapper]: Loading tweak class name cpw.mods.fml.common.launcher.FMLTweaker
[17:50:09] [main/INFO] [LaunchWrapper]: Using primary tweak class name cpw.mods.fml.common.launcher.FMLTweaker
[17:50:09] [main/INFO] [LaunchWrapper]: Calling tweak class cpw.mods.fml.common.launcher.FMLTweaker
[17:50:52] [main/INFO] [GradleStart]: No arguments specified, assuming client.
[17:50:52] [main/INFO] [GradleStart]: Extra: []
[17:50:52] [main/INFO] [GradleStart]: Running with arguments: [--userProperties, {}, --assetsDir, C:/Users/Jonas/.gradle/caches/minecraft/assets, --assetIndex, {ASSET_INDEX}, --accessToken, FML, --version, 1.7.10, --tweakClass, cpw.mods.fml.common.launcher.FMLTweaker, --username, ForgeDevName]
[17:50:52] [main/INFO] [LaunchWrapper]: Loading tweak class name cpw.mods.fml.common.launcher.FMLTweaker
[17:50:52] [main/INFO] [LaunchWrapper]: Using primary tweak class name cpw.mods.fml.common.launcher.FMLTweaker
[17:50:52] [main/INFO] [LaunchWrapper]: Calling tweak class cpw.mods.fml.common.launcher.FMLTweaker
