[15:04:15] [main/INFO]: Logging in with username & password
[15:04:24] [main/INFO]: Setting user: Morolas
[15:04:25] [Client thread/INFO]: LWJGL Version: 2.9.1
[15:04:29] [Client thread/INFO]: Reloading ResourceManager: Default, FMLFileResourcePack:Forge Mod Loader, FMLFileResourcePack:Minecraft Forge, FMLFileResourcePack:Biome Compass
[15:04:29] [Sound Library Loader/INFO]: Sound engine started
[15:04:32] [Client thread/INFO]: Created: 512x256 textures/blocks-atlas
[15:04:32] [Client thread/INFO]: Created: 256x256 textures/items-atlas
[15:04:32] [Client thread/INFO]: Reloading ResourceManager: Default, FMLFileResourcePack:Forge Mod Loader, FMLFileResourcePack:Minecraft Forge, FMLFileResourcePack:Biome Compass
[15:04:32] [Client thread/INFO]: Created: 512x256 textures/blocks-atlas
[15:04:32] [Client thread/INFO]: Created: 256x256 textures/items-atlas
[15:04:33] [Sound Library Loader/INFO]: Sound engine started
[15:04:40] [Server thread/INFO]: Starting integrated minecraft server version 1.7.10
[15:04:40] [Server thread/INFO]: Generating keypair
[15:04:40] [Server thread/INFO]: Preparing start region for level 0
[15:04:40] [Server thread/INFO]: Changing view distance to 12, from 10
[15:04:41] [Server thread/INFO]: Morolas[local:E:1b69b966] logged in with entity id 114 at (-1181.2103937968739, 4.0, -1472.1361087630014)
[15:04:41] [Server thread/INFO]: Morolas joined the game
[15:04:58] [Server thread/INFO]: Saving and pausing game...
[15:04:58] [Server thread/INFO]: Saving chunks for level 'New World'/Overworld
[15:04:58] [Server thread/INFO]: Saving chunks for level 'New World'/Nether
[15:04:58] [Server thread/INFO]: Saving chunks for level 'New World'/The End
[15:04:59] [Server thread/INFO]: Stopping server
[15:04:59] [Server thread/INFO]: Saving players
[15:05:00] [Server thread/INFO]: Saving worlds
[15:05:00] [Server thread/INFO]: Saving chunks for level 'New World'/Overworld
[15:05:00] [Server thread/INFO]: Saving chunks for level 'New World'/Nether
[15:05:00] [Server thread/INFO]: Saving chunks for level 'New World'/The End
[15:05:00] [Client thread/INFO]: Stopping!
